<?xml version="1.0" encoding="UTF-8"?>
<testsuites name="Scenario Positive Case - Leaderboards" time="29.549" tests="1" failures="0" errors="0">
   <testsuite name="Scenario Positive Case - Leaderboards" tests="1" failures="0" errors="0" time="29.549" skipped="0" timestamp="01-12-2024T20:30:33" hostname="Hafizh Abdillah - DESKTOP-JE6N759" id="Test Suites/MoLeaWiz/Leaderboards/Positive Case/Scenario Positive Case - Leaderboards">
      <properties>
         <property name="deviceName" value=""/>
         <property name="devicePlatform"/>
         <property name="logFolder" value="C:\\Users\\Hafizh Abdillah\\git\\moleawiz_web_katalon_automation\\Reports\\20241201_203026\\MoLeaWiz\\Leaderboards\\Positive Case\\Scenario Positive Case - Leaderboards\\20241201_203027"/>
         <property name="logFiles" value="C:\\Users\\Hafizh Abdillah\\git\\moleawiz_web_katalon_automation\\Reports\\20241201_203026\\MoLeaWiz\\Leaderboards\\Positive Case\\Scenario Positive Case - Leaderboards\\20241201_203027\\execution0.log"/>
         <property name="attachments" value=""/>
         <property name="hostName" value="Hafizh Abdillah - DESKTOP-JE6N759"/>
         <property name="os" value="Windows 11 64bit"/>
         <property name="katalonVersion" value="10.0.0.223"/>
         <property name="browser" value="Chrome 131.0.0.0"/>
         <property name="hostAddress" value="192.168.1.11"/>
         <property name="sessionId" value="fd9b4b132c793578949f98437b9cea88"/>
         <property name="seleniumVersion" value="4.22.0"/>
         <property name="proxyInformation" value="ProxyInformation { proxyOption=NO_PROXY, proxyServerType=HTTP, username=, password=********, proxyServerAddress=, proxyServerPort=0, executionList=&quot;&quot;, isApplyToDesiredCapabilities=true }"/>
         <property name="platform" value="Windows 11"/>
      </properties>
      <testcase name="Test Cases/MoLeaWiz/Leaderboards/Positive Case/TCMLB - Positive Case Leaderboards" time="29.394" classname="Test Cases/MoLeaWiz/Leaderboards/Positive Case/TCMLB - Positive Case Leaderboards" status="PASSED">
         <system-out><![CDATA[01-12-2024T20:30:34 - [TEST_CASE][PASSED] - Test Cases/MoLeaWiz/Leaderboards/Positive Case/TCMLB - Positive Case Leaderboards: Test Cases/MoLeaWiz/Leaderboards/Positive Case/TCMLB - Positive Case Leaderboards

01-12-2024T20:30:34 - [TEST_STEP][PASSED] - openBrowser(base_url_staging): Browser is opened with url: 'https://moleawiz-web-staging.digimasia.com/'

01-12-2024T20:30:34 - [MESSAGE][INFO] - Starting 'Chrome' driver

01-12-2024T20:30:34 - [MESSAGE][INFO] - User set preference: ['args', '[--window-size=1366,768]']

01-12-2024T20:30:34 - [MESSAGE][INFO] - Action delay is set to 50 milliseconds

01-12-2024T20:30:37 - [MESSAGE][PASSED] - Browser is opened with url: 'https://moleawiz-web-staging.digimasia.com/'

01-12-2024T20:30:37 - [TEST_STEP][PASSED] - keyword_FunctionLogin.AutomationLogin.loginWithUserDummy2(): keyword_FunctionLogin.AutomationLogin.loginWithUserDummy2 is PASSED

01-12-2024T20:30:38 - [MESSAGE][PASSED] - Text 'hafizh@digimasia.com' is set on object 'Object Repository/Object Login/input_Username_Login'

01-12-2024T20:30:39 - [MESSAGE][PASSED] - Text '12345' is set on object 'Object Repository/Object Login/input_Password_Login'

01-12-2024T20:30:39 - [MESSAGE][PASSED] - Text of object 'Object Repository/Object Login/captcha_Num1_Login' is: '9'

01-12-2024T20:30:39 - [MESSAGE][PASSED] - Text of object 'Object Repository/Object Login/captcha_Num2_Login' is: '15'

01-12-2024T20:30:40 - [MESSAGE][PASSED] - Keys '24' sent to object: 'Object Repository/Object Login/input_Captcha_Your_Answer_Login'

01-12-2024T20:30:40 - [MESSAGE][PASSED] - Object: 'Object Repository/Object Login/btn_Login' is clicked on

01-12-2024T20:30:40 - [MESSAGE][PASSED] - keyword_FunctionLogin.AutomationLogin.loginWithUserDummy2 is PASSED

01-12-2024T20:30:40 - [TEST_STEP][PASSED] - click(findTestObject("Object Learderboards/btn_Leaderboards_Menu")): Object: 'Object Repository/Object Learderboards/btn_Leaderboards_Menu' is clicked on

01-12-2024T20:30:55 - [MESSAGE][PASSED] - Object: 'Object Repository/Object Learderboards/btn_Leaderboards_Menu' is clicked on

01-12-2024T20:30:55 - [TEST_STEP][PASSED] - click(findTestObject("Object Learderboards/dropdown_Program_Leaderboards")): Object: 'Object Repository/Object Learderboards/dropdown_Program_Leaderboards' is clicked on

01-12-2024T20:30:58 - [MESSAGE][PASSED] - Object: 'Object Repository/Object Learderboards/dropdown_Program_Leaderboards' is clicked on

01-12-2024T20:30:58 - [TEST_STEP][PASSED] - setText(findTestObject("Object Learderboards/input_Search_Program_Leaderboards"), "cots"): Text 'cots' is set on object 'Object Repository/Object Learderboards/input_Search_Program_Leaderboards'

01-12-2024T20:30:59 - [MESSAGE][PASSED] - Text 'cots' is set on object 'Object Repository/Object Learderboards/input_Search_Program_Leaderboards'

01-12-2024T20:30:59 - [TEST_STEP][PASSED] - click(findTestObject("Object Learderboards/select_Program_Leaderboards")): Object: 'Object Repository/Object Learderboards/select_Program_Leaderboards' is clicked on

01-12-2024T20:31:00 - [MESSAGE][PASSED] - Object: 'Object Repository/Object Learderboards/select_Program_Leaderboards' is clicked on

01-12-2024T20:31:00 - [TEST_STEP][PASSED] - delay(3): Delayed 3 second(s)

01-12-2024T20:31:03 - [MESSAGE][PASSED] - Delayed 3 second(s)

01-12-2024T20:31:03 - [TEST_STEP][PASSED] - closeBrowser(): Browser is closed

01-12-2024T20:31:03 - [MESSAGE][PASSED] - Browser is closed]]></system-out>
         <system-err><![CDATA[]]></system-err>
      </testcase>
      <system-out><![CDATA[01-12-2024T20:30:33 - [TEST_SUITE][PASSED] - Scenario Positive Case - Leaderboards: Test Cases/MoLeaWiz/Leaderboards/Positive Case/TCMLB - Positive Case Leaderboards]]></system-out>
      <system-err><![CDATA[]]></system-err>
   </testsuite>
</testsuites>
