<?xml version="1.0" encoding="UTF-8"?>
<testsuites name="Scenario Postive Case - Help" time="129.176" tests="13" failures="2" errors="0">
   <testsuite name="Scenario Postive Case - Help" tests="13" failures="2" errors="0" time="129.176" skipped="0" timestamp="2024-02-26 10:41:49" hostname="User - DESKTOP-9D92447" id="Test Suites/MoLeaWiz/Help Center/Positive Case/Scenario Postive Case - Help">
      <properties>
         <property name="deviceName" value=""/>
         <property name="devicePlatform" value=""/>
         <property name="logFolder" value="C:\\Users\\User\\git\\moleawiz_web_katalon_automation\\Reports\\20240226_104141\\MoLeaWiz\\Help Center\\Positive Case\\Scenario Postive Case - Help\\20240226_104141"/>
         <property name="logFiles" value="C:\\Users\\User\\git\\moleawiz_web_katalon_automation\\Reports\\20240226_104141\\MoLeaWiz\\Help Center\\Positive Case\\Scenario Postive Case - Help\\20240226_104141\\execution0.log"/>
         <property name="attachments" value="C:\\Users\\User\\git\\moleawiz_web_katalon_automation\\Reports\\20240226_104141\\MoLeaWiz\\Help Center\\Positive Case\\Scenario Postive Case - Help\\20240226_104141\\1708918983286.png, C:\\Users\\User\\git\\moleawiz_web_katalon_automation\\Reports\\20240226_104141\\MoLeaWiz\\Help Center\\Positive Case\\Scenario Postive Case - Help\\20240226_104141\\1708919021895.png"/>
         <property name="hostName" value="User - DESKTOP-9D92447"/>
         <property name="os" value="Windows 11 64bit"/>
         <property name="katalonVersion" value="8.6.5.208"/>
         <property name="browser" value="Chrome 122.0.0.0"/>
         <property name="hostAddress" value="192.168.2.179"/>
         <property name="sessionId" value="e592d2bdc818b06a63698c10cd0f84b2"/>
         <property name="seleniumVersion" value="3.141.59"/>
         <property name="proxyInformation" value="ProxyInformation { proxyOption=NO_PROXY, proxyServerType=HTTP, username=, password=********, proxyServerAddress=, proxyServerPort=0, executionList=&quot;&quot;, isApplyToDesiredCapabilities=true }"/>
         <property name="platform" value="Windows 11"/>
      </properties>
      <testcase name="Test Cases/MoLeaWiz/Help/Positive Case/TCMHC01 - User bisa membuka halaman Help" time="10.761" classname="Test Cases/MoLeaWiz/Help/Positive Case/TCMHC01 - User bisa membuka halaman Help" status="PASSED">
         <system-out><![CDATA[2024-02-26 10:41:50 - [TEST_CASE][PASSED] - Test Cases/MoLeaWiz/Help/Positive Case/TCMHC01 - User bisa membuka halaman Help: Test Cases/MoLeaWiz/Help/Positive Case/TCMHC01 - User bisa membuka halaman Help

2024-02-26 10:41:51 - [TEST_STEP][PASSED] - click(findTestObject("Object Menu/btn_Help_Menu")): Object: 'Object Repository/Object Menu/btn_Help_Menu' is clicked on

2024-02-26 10:41:56 - [MESSAGE][PASSED] - Object: 'Object Repository/Object Menu/btn_Help_Menu' is clicked on

2024-02-26 10:41:56 - [TEST_STEP][PASSED] - verifyElementPresent(findTestObject("Object Menu/verify_Successfully_Open_Help_Menu"), 0): Object 'Object Repository/Object Menu/verify_Successfully_Open_Help_Menu' is present

2024-02-26 10:41:57 - [MESSAGE][WARNING] - Timeout '0' is invalid. Using default page load timeout: '30'

2024-02-26 10:42:01 - [MESSAGE][PASSED] - Object 'Object Repository/Object Menu/verify_Successfully_Open_Help_Menu' is present]]></system-out>
         <system-err><![CDATA[]]></system-err>
      </testcase>
      <testcase name="Test Cases/MoLeaWiz/Help/Positive Case/TCMHC02 - User bisa membuka list Help FAQ pada halaman Help dan membuka beberapa list collapse help FAQ" time="5.271" classname="Test Cases/MoLeaWiz/Help/Positive Case/TCMHC02 - User bisa membuka list Help FAQ pada halaman Help dan membuka beberapa list collapse help FAQ" status="PASSED">
         <system-out><![CDATA[2024-02-26 10:42:01 - [TEST_CASE][PASSED] - Test Cases/MoLeaWiz/Help/Positive Case/TCMHC02 - User bisa membuka list Help FAQ pada halaman Help dan membuka beberapa list collapse help FAQ: Test Cases/MoLeaWiz/Help/Positive Case/TCMHC02 - User bisa membuka list Help FAQ pada halaman Help dan membuka beberapa list collapse help FAQ

2024-02-26 10:42:02 - [TEST_STEP][PASSED] - click(findTestObject("Object Menu/btn_Help_Menu")): Object: 'Object Repository/Object Menu/btn_Help_Menu' is clicked on

2024-02-26 10:42:03 - [MESSAGE][PASSED] - Object: 'Object Repository/Object Menu/btn_Help_Menu' is clicked on

2024-02-26 10:42:03 - [TEST_STEP][PASSED] - click(findTestObject("Object Help/list_faq_help")): Object: 'Object Repository/Object Help/list_faq_help' is clicked on

2024-02-26 10:42:04 - [MESSAGE][PASSED] - Object: 'Object Repository/Object Help/list_faq_help' is clicked on

2024-02-26 10:42:04 - [TEST_STEP][PASSED] - click(findTestObject("Object Help/list_collapse_help_index_0")): Object: 'Object Repository/Object Help/list_collapse_help_index_0' is clicked on

2024-02-26 10:42:04 - [MESSAGE][PASSED] - Object: 'Object Repository/Object Help/list_collapse_help_index_0' is clicked on

2024-02-26 10:42:04 - [TEST_STEP][PASSED] - click(findTestObject("Object Help/list_collapse_help_index_1")): Object: 'Object Repository/Object Help/list_collapse_help_index_1' is clicked on

2024-02-26 10:42:05 - [MESSAGE][PASSED] - Object: 'Object Repository/Object Help/list_collapse_help_index_1' is clicked on

2024-02-26 10:42:05 - [TEST_STEP][PASSED] - click(findTestObject("Object Help/list_collapse_help_index_1")): Object: 'Object Repository/Object Help/list_collapse_help_index_1' is clicked on

2024-02-26 10:42:06 - [MESSAGE][PASSED] - Object: 'Object Repository/Object Help/list_collapse_help_index_1' is clicked on]]></system-out>
         <system-err><![CDATA[]]></system-err>
      </testcase>
      <testcase name="Test Cases/MoLeaWiz/Help/Positive Case/TCMHC03 - User bisa membuka list Help Login pada halaman Help dan membuka beberapa list collapse help Login" time="4.663" classname="Test Cases/MoLeaWiz/Help/Positive Case/TCMHC03 - User bisa membuka list Help Login pada halaman Help dan membuka beberapa list collapse help Login" status="PASSED">
         <system-out><![CDATA[2024-02-26 10:42:06 - [TEST_CASE][PASSED] - Test Cases/MoLeaWiz/Help/Positive Case/TCMHC03 - User bisa membuka list Help Login pada halaman Help dan membuka beberapa list collapse help Login: Test Cases/MoLeaWiz/Help/Positive Case/TCMHC03 - User bisa membuka list Help Login pada halaman Help dan membuka beberapa list collapse help Login

2024-02-26 10:42:07 - [TEST_STEP][PASSED] - click(findTestObject("Object Menu/btn_Help_Menu")): Object: 'Object Repository/Object Menu/btn_Help_Menu' is clicked on

2024-02-26 10:42:08 - [MESSAGE][PASSED] - Object: 'Object Repository/Object Menu/btn_Help_Menu' is clicked on

2024-02-26 10:42:08 - [TEST_STEP][PASSED] - click(findTestObject("Object Help/list_login_help")): Object: 'Object Repository/Object Help/list_login_help' is clicked on

2024-02-26 10:42:09 - [MESSAGE][PASSED] - Object: 'Object Repository/Object Help/list_login_help' is clicked on

2024-02-26 10:42:09 - [TEST_STEP][PASSED] - click(findTestObject("Object Help/list_collapse_help_index_0")): Object: 'Object Repository/Object Help/list_collapse_help_index_0' is clicked on

2024-02-26 10:42:10 - [MESSAGE][PASSED] - Object: 'Object Repository/Object Help/list_collapse_help_index_0' is clicked on

2024-02-26 10:42:10 - [TEST_STEP][PASSED] - click(findTestObject("Object Help/list_collapse_help_index_1")): Object: 'Object Repository/Object Help/list_collapse_help_index_1' is clicked on

2024-02-26 10:42:11 - [MESSAGE][PASSED] - Object: 'Object Repository/Object Help/list_collapse_help_index_1' is clicked on]]></system-out>
         <system-err><![CDATA[]]></system-err>
      </testcase>
      <testcase name="Test Cases/MoLeaWiz/Help/Positive Case/TCMHC04 - User bisa membuka list Help Profile pada halaman Help dan membuka beberapa list collapse help Profile" time="4.632" classname="Test Cases/MoLeaWiz/Help/Positive Case/TCMHC04 - User bisa membuka list Help Profile pada halaman Help dan membuka beberapa list collapse help Profile" status="PASSED">
         <system-out><![CDATA[2024-02-26 10:42:11 - [TEST_CASE][PASSED] - Test Cases/MoLeaWiz/Help/Positive Case/TCMHC04 - User bisa membuka list Help Profile pada halaman Help dan membuka beberapa list collapse help Profile: Test Cases/MoLeaWiz/Help/Positive Case/TCMHC04 - User bisa membuka list Help Profile pada halaman Help dan membuka beberapa list collapse help Profile

2024-02-26 10:42:12 - [TEST_STEP][PASSED] - click(findTestObject("Object Menu/btn_Help_Menu")): Object: 'Object Repository/Object Menu/btn_Help_Menu' is clicked on

2024-02-26 10:42:13 - [MESSAGE][PASSED] - Object: 'Object Repository/Object Menu/btn_Help_Menu' is clicked on

2024-02-26 10:42:13 - [TEST_STEP][PASSED] - click(findTestObject("Object Help/list_profile_help")): Object: 'Object Repository/Object Help/list_profile_help' is clicked on

2024-02-26 10:42:14 - [MESSAGE][PASSED] - Object: 'Object Repository/Object Help/list_profile_help' is clicked on

2024-02-26 10:42:14 - [TEST_STEP][PASSED] - click(findTestObject("Object Help/list_collapse_help_index_0")): Object: 'Object Repository/Object Help/list_collapse_help_index_0' is clicked on

2024-02-26 10:42:15 - [MESSAGE][PASSED] - Object: 'Object Repository/Object Help/list_collapse_help_index_0' is clicked on

2024-02-26 10:42:15 - [TEST_STEP][PASSED] - click(findTestObject("Object Help/list_collapse_help_index_1")): Object: 'Object Repository/Object Help/list_collapse_help_index_1' is clicked on

2024-02-26 10:42:15 - [MESSAGE][PASSED] - Object: 'Object Repository/Object Help/list_collapse_help_index_1' is clicked on]]></system-out>
         <system-err><![CDATA[]]></system-err>
      </testcase>
      <testcase name="Test Cases/MoLeaWiz/Help/Positive Case/TCMHC05 - User bisa membuka list Help My Learning Journey pada halaman Help dan membuka beberapa list collapse help My Learning Journey" time="4.478" classname="Test Cases/MoLeaWiz/Help/Positive Case/TCMHC05 - User bisa membuka list Help My Learning Journey pada halaman Help dan membuka beberapa list collapse help My Learning Journey" status="PASSED">
         <system-out><![CDATA[2024-02-26 10:42:16 - [TEST_CASE][PASSED] - Test Cases/MoLeaWiz/Help/Positive Case/TCMHC05 - User bisa membuka list Help My Learning Journey pada halaman Help dan membuka beberapa list collapse help My Learning Journey: Test Cases/MoLeaWiz/Help/Positive Case/TCMHC05 - User bisa membuka list Help My Learning Journey pada halaman Help dan membuka beberapa list collapse help My Learning Journey

2024-02-26 10:42:17 - [TEST_STEP][PASSED] - click(findTestObject("Object Menu/btn_Help_Menu")): Object: 'Object Repository/Object Menu/btn_Help_Menu' is clicked on

2024-02-26 10:42:17 - [MESSAGE][PASSED] - Object: 'Object Repository/Object Menu/btn_Help_Menu' is clicked on

2024-02-26 10:42:17 - [TEST_STEP][PASSED] - click(findTestObject("Object Help/list_my_learning_journey_help")): Object: 'Object Repository/Object Help/list_my_learning_journey_help' is clicked on

2024-02-26 10:42:18 - [MESSAGE][PASSED] - Object: 'Object Repository/Object Help/list_my_learning_journey_help' is clicked on

2024-02-26 10:42:18 - [TEST_STEP][PASSED] - click(findTestObject("Object Help/list_collapse_help_index_0")): Object: 'Object Repository/Object Help/list_collapse_help_index_0' is clicked on

2024-02-26 10:42:19 - [MESSAGE][PASSED] - Object: 'Object Repository/Object Help/list_collapse_help_index_0' is clicked on

2024-02-26 10:42:19 - [TEST_STEP][PASSED] - click(findTestObject("Object Help/list_collapse_help_index_1")): Object: 'Object Repository/Object Help/list_collapse_help_index_1' is clicked on

2024-02-26 10:42:20 - [MESSAGE][PASSED] - Object: 'Object Repository/Object Help/list_collapse_help_index_1' is clicked on]]></system-out>
         <system-err><![CDATA[]]></system-err>
      </testcase>
      <testcase name="Test Cases/MoLeaWiz/Help/Positive Case/TCMHC06 - User bisa membuka list Help Learning Activity pada halaman Help dan membuka beberapa list collapse help Learning Activity" time="4.246" classname="Test Cases/MoLeaWiz/Help/Positive Case/TCMHC06 - User bisa membuka list Help Learning Activity pada halaman Help dan membuka beberapa list collapse help Learning Activity" status="PASSED">
         <system-out><![CDATA[2024-02-26 10:42:20 - [TEST_CASE][PASSED] - Test Cases/MoLeaWiz/Help/Positive Case/TCMHC06 - User bisa membuka list Help Learning Activity pada halaman Help dan membuka beberapa list collapse help Learning Activity: Test Cases/MoLeaWiz/Help/Positive Case/TCMHC06 - User bisa membuka list Help Learning Activity pada halaman Help dan membuka beberapa list collapse help Learning Activity

2024-02-26 10:42:21 - [TEST_STEP][PASSED] - click(findTestObject("Object Menu/btn_Help_Menu")): Object: 'Object Repository/Object Menu/btn_Help_Menu' is clicked on

2024-02-26 10:42:22 - [MESSAGE][PASSED] - Object: 'Object Repository/Object Menu/btn_Help_Menu' is clicked on

2024-02-26 10:42:22 - [TEST_STEP][PASSED] - click(findTestObject("Object Help/list_learning_activity_help")): Object: 'Object Repository/Object Help/list_learning_activity_help' is clicked on

2024-02-26 10:42:23 - [MESSAGE][PASSED] - Object: 'Object Repository/Object Help/list_learning_activity_help' is clicked on

2024-02-26 10:42:23 - [TEST_STEP][PASSED] - click(findTestObject("Object Help/list_collapse_help_index_0")): Object: 'Object Repository/Object Help/list_collapse_help_index_0' is clicked on

2024-02-26 10:42:23 - [MESSAGE][PASSED] - Object: 'Object Repository/Object Help/list_collapse_help_index_0' is clicked on

2024-02-26 10:42:23 - [TEST_STEP][PASSED] - click(findTestObject("Object Help/list_collapse_help_index_1")): Object: 'Object Repository/Object Help/list_collapse_help_index_1' is clicked on

2024-02-26 10:42:24 - [MESSAGE][PASSED] - Object: 'Object Repository/Object Help/list_collapse_help_index_1' is clicked on]]></system-out>
         <system-err><![CDATA[]]></system-err>
      </testcase>
      <testcase name="Test Cases/MoLeaWiz/Help/Positive Case/TCMHC07 - User bisa membuka list Help Learning Point pada halaman Help dan membuka beberapa list collapse help Learning Point" time="4.732" classname="Test Cases/MoLeaWiz/Help/Positive Case/TCMHC07 - User bisa membuka list Help Learning Point pada halaman Help dan membuka beberapa list collapse help Learning Point" status="PASSED">
         <system-out><![CDATA[2024-02-26 10:42:24 - [TEST_CASE][PASSED] - Test Cases/MoLeaWiz/Help/Positive Case/TCMHC07 - User bisa membuka list Help Learning Point pada halaman Help dan membuka beberapa list collapse help Learning Point: Test Cases/MoLeaWiz/Help/Positive Case/TCMHC07 - User bisa membuka list Help Learning Point pada halaman Help dan membuka beberapa list collapse help Learning Point

2024-02-26 10:42:26 - [TEST_STEP][PASSED] - click(findTestObject("Object Menu/btn_Help_Menu")): Object: 'Object Repository/Object Menu/btn_Help_Menu' is clicked on

2024-02-26 10:42:26 - [MESSAGE][PASSED] - Object: 'Object Repository/Object Menu/btn_Help_Menu' is clicked on

2024-02-26 10:42:26 - [TEST_STEP][PASSED] - click(findTestObject("Object Help/list_learning_point_help")): Object: 'Object Repository/Object Help/list_learning_point_help' is clicked on

2024-02-26 10:42:27 - [MESSAGE][PASSED] - Object: 'Object Repository/Object Help/list_learning_point_help' is clicked on

2024-02-26 10:42:27 - [TEST_STEP][PASSED] - click(findTestObject("Object Help/list_collapse_help_index_0")): Object: 'Object Repository/Object Help/list_collapse_help_index_0' is clicked on

2024-02-26 10:42:28 - [MESSAGE][PASSED] - Object: 'Object Repository/Object Help/list_collapse_help_index_0' is clicked on

2024-02-26 10:42:28 - [TEST_STEP][PASSED] - click(findTestObject("Object Help/list_collapse_help_index_1")): Object: 'Object Repository/Object Help/list_collapse_help_index_1' is clicked on

2024-02-26 10:42:29 - [MESSAGE][PASSED] - Object: 'Object Repository/Object Help/list_collapse_help_index_1' is clicked on]]></system-out>
         <system-err><![CDATA[]]></system-err>
      </testcase>
      <testcase name="Test Cases/MoLeaWiz/Help/Positive Case/TCMHC08 - User bisa membuka list Help Supervisor dan Reviewer pada halaman Help dan membuka beberapa list collapse help Supervisor dan Reviewer" time="34.204" classname="Test Cases/MoLeaWiz/Help/Positive Case/TCMHC08 - User bisa membuka list Help Supervisor dan Reviewer pada halaman Help dan membuka beberapa list collapse help Supervisor dan Reviewer" status="FAILED">
         <failure type="FAILED" message="Test Cases/MoLeaWiz/Help/Positive Case/TCMHC08 - User bisa membuka list Help Supervisor dan Reviewer pada halaman Help dan membuka beberapa list collapse help Supervisor dan Reviewer FAILED.
Reason:
com.kms.katalon.core.exception.StepFailedException: Unable to click on object 'Object Repository/Object Help/list_supervisor_reviewer_help'
	at com.kms.katalon.core.webui.keyword.internal.WebUIKeywordMain.stepFailed(WebUIKeywordMain.groovy:64)
	at com.kms.katalon.core.webui.keyword.internal.WebUIKeywordMain.runKeyword(WebUIKeywordMain.groovy:26)
	at com.kms.katalon.core.webui.keyword.builtin.ClickKeyword.click(ClickKeyword.groovy:74)
	at com.kms.katalon.core.webui.keyword.builtin.ClickKeyword.execute(ClickKeyword.groovy:40)
	at com.kms.katalon.core.keyword.internal.KeywordExecutor.executeKeywordForPlatform(KeywordExecutor.groovy:74)
	at com.kms.katalon.core.webui.keyword.WebUiBuiltInKeywords.click(WebUiBuiltInKeywords.groovy:620)
	at com.kms.katalon.core.webui.keyword.WebUiBuiltInKeywords$click.call(Unknown Source)
	at TCMHC08 - User bisa membuka list Help Supervisor dan Reviewer pada halaman Help dan membuka beberapa list collapse help Supervisor dan Reviewer.run(TCMHC08 - User bisa membuka list Help Supervisor dan Reviewer pada halaman Help dan membuka beberapa list collapse help Supervisor dan Reviewer:22)
	at com.kms.katalon.core.main.ScriptEngine.run(ScriptEngine.java:194)
	at com.kms.katalon.core.main.ScriptEngine.runScriptAsRawText(ScriptEngine.java:119)
	at com.kms.katalon.core.main.TestCaseExecutor.runScript(TestCaseExecutor.java:448)
	at com.kms.katalon.core.main.TestCaseExecutor.doExecute(TestCaseExecutor.java:439)
	at com.kms.katalon.core.main.TestCaseExecutor.processExecutionPhase(TestCaseExecutor.java:418)
	at com.kms.katalon.core.main.TestCaseExecutor.accessMainPhase(TestCaseExecutor.java:410)
	at com.kms.katalon.core.main.TestCaseExecutor.execute(TestCaseExecutor.java:285)
	at com.kms.katalon.core.common.CommonExecutor.accessTestCaseMainPhase(CommonExecutor.java:65)
	at com.kms.katalon.core.main.TestSuiteExecutor.accessTestSuiteMainPhase(TestSuiteExecutor.java:148)
	at com.kms.katalon.core.main.TestSuiteExecutor.execute(TestSuiteExecutor.java:106)
	at com.kms.katalon.core.main.TestCaseMain.startTestSuite(TestCaseMain.java:187)
	at com.kms.katalon.core.main.TestCaseMain$startTestSuite$0.call(Unknown Source)
	at TempTestSuite1708918901494.run(TempTestSuite1708918901494.groovy:36)
Caused by: com.kms.katalon.core.webui.exception.WebElementNotFoundException: Web element with id: 'Object Repository/Object Help/list_supervisor_reviewer_help' located by '//*[@id = 'list-supervisor-reviewer-help']' not found
	at com.kms.katalon.core.webui.common.WebUiCommonHelper.findWebElement(WebUiCommonHelper.java:1381)
	at com.kms.katalon.core.webui.keyword.internal.WebUIAbstractKeyword.findWebElement(WebUIAbstractKeyword.groovy:27)
	at com.kms.katalon.core.webui.keyword.builtin.ClickKeyword$_click_closure1.doCall(ClickKeyword.groovy:65)
	at com.kms.katalon.core.webui.keyword.builtin.ClickKeyword$_click_closure1.call(ClickKeyword.groovy)
	at com.kms.katalon.core.webui.keyword.internal.WebUIKeywordMain.runKeyword(WebUIKeywordMain.groovy:20)
	... 19 more
"/>
         <system-out><![CDATA[2024-02-26 10:42:29 - [TEST_CASE][FAILED] - Test Cases/MoLeaWiz/Help/Positive Case/TCMHC08 - User bisa membuka list Help Supervisor dan Reviewer pada halaman Help dan membuka beberapa list collapse help Supervisor dan Reviewer: Test Cases/MoLeaWiz/Help/Positive Case/TCMHC08 - User bisa membuka list Help Supervisor dan Reviewer pada halaman Help dan membuka beberapa list collapse help Supervisor dan Reviewer FAILED.
Reason:
com.kms.katalon.core.exception.StepFailedException: Unable to click on object 'Object Repository/Object Help/list_supervisor_reviewer_help'
	at com.kms.katalon.core.webui.keyword.internal.WebUIKeywordMain.stepFailed(WebUIKeywordMain.groovy:64)
	at com.kms.katalon.core.webui.keyword.internal.WebUIKeywordMain.runKeyword(WebUIKeywordMain.groovy:26)
	at com.kms.katalon.core.webui.keyword.builtin.ClickKeyword.click(ClickKeyword.groovy:74)
	at com.kms.katalon.core.webui.keyword.builtin.ClickKeyword.execute(ClickKeyword.groovy:40)
	at com.kms.katalon.core.keyword.internal.KeywordExecutor.executeKeywordForPlatform(KeywordExecutor.groovy:74)
	at com.kms.katalon.core.webui.keyword.WebUiBuiltInKeywords.click(WebUiBuiltInKeywords.groovy:620)
	at com.kms.katalon.core.webui.keyword.WebUiBuiltInKeywords$click.call(Unknown Source)
	at TCMHC08 - User bisa membuka list Help Supervisor dan Reviewer pada halaman Help dan membuka beberapa list collapse help Supervisor dan Reviewer.run(TCMHC08 - User bisa membuka list Help Supervisor dan Reviewer pada halaman Help dan membuka beberapa list collapse help Supervisor dan Reviewer:22)
	at com.kms.katalon.core.main.ScriptEngine.run(ScriptEngine.java:194)
	at com.kms.katalon.core.main.ScriptEngine.runScriptAsRawText(ScriptEngine.java:119)
	at com.kms.katalon.core.main.TestCaseExecutor.runScript(TestCaseExecutor.java:448)
	at com.kms.katalon.core.main.TestCaseExecutor.doExecute(TestCaseExecutor.java:439)
	at com.kms.katalon.core.main.TestCaseExecutor.processExecutionPhase(TestCaseExecutor.java:418)
	at com.kms.katalon.core.main.TestCaseExecutor.accessMainPhase(TestCaseExecutor.java:410)
	at com.kms.katalon.core.main.TestCaseExecutor.execute(TestCaseExecutor.java:285)
	at com.kms.katalon.core.common.CommonExecutor.accessTestCaseMainPhase(CommonExecutor.java:65)
	at com.kms.katalon.core.main.TestSuiteExecutor.accessTestSuiteMainPhase(TestSuiteExecutor.java:148)
	at com.kms.katalon.core.main.TestSuiteExecutor.execute(TestSuiteExecutor.java:106)
	at com.kms.katalon.core.main.TestCaseMain.startTestSuite(TestCaseMain.java:187)
	at com.kms.katalon.core.main.TestCaseMain$startTestSuite$0.call(Unknown Source)
	at TempTestSuite1708918901494.run(TempTestSuite1708918901494.groovy:36)
Caused by: com.kms.katalon.core.webui.exception.WebElementNotFoundException: Web element with id: 'Object Repository/Object Help/list_supervisor_reviewer_help' located by '//*[@id = 'list-supervisor-reviewer-help']' not found
	at com.kms.katalon.core.webui.common.WebUiCommonHelper.findWebElement(WebUiCommonHelper.java:1381)
	at com.kms.katalon.core.webui.keyword.internal.WebUIAbstractKeyword.findWebElement(WebUIAbstractKeyword.groovy:27)
	at com.kms.katalon.core.webui.keyword.builtin.ClickKeyword$_click_closure1.doCall(ClickKeyword.groovy:65)
	at com.kms.katalon.core.webui.keyword.builtin.ClickKeyword$_click_closure1.call(ClickKeyword.groovy)
	at com.kms.katalon.core.webui.keyword.internal.WebUIKeywordMain.runKeyword(WebUIKeywordMain.groovy:20)
	... 19 more


2024-02-26 10:42:30 - [TEST_STEP][PASSED] - click(findTestObject("Object Menu/btn_Help_Menu")): Object: 'Object Repository/Object Menu/btn_Help_Menu' is clicked on

2024-02-26 10:42:31 - [MESSAGE][PASSED] - Object: 'Object Repository/Object Menu/btn_Help_Menu' is clicked on

2024-02-26 10:42:31 - [TEST_STEP][FAILED] - click(findTestObject("Object Help/list_supervisor_reviewer_help")): Unable to click on object 'Object Repository/Object Help/list_supervisor_reviewer_help' (Root cause: com.kms.katalon.core.exception.StepFailedException: Unable to click on object 'Object Repository/Object Help/list_supervisor_reviewer_help'
	at com.kms.katalon.core.webui.keyword.internal.WebUIKeywordMain.stepFailed(WebUIKeywordMain.groovy:64)
	at com.kms.katalon.core.webui.keyword.internal.WebUIKeywordMain.runKeyword(WebUIKeywordMain.groovy:26)
	at com.kms.katalon.core.webui.keyword.builtin.ClickKeyword.click(ClickKeyword.groovy:74)
	at com.kms.katalon.core.webui.keyword.builtin.ClickKeyword.execute(ClickKeyword.groovy:40)
	at com.kms.katalon.core.keyword.internal.KeywordExecutor.executeKeywordForPlatform(KeywordExecutor.groovy:74)
	at com.kms.katalon.core.webui.keyword.WebUiBuiltInKeywords.click(WebUiBuiltInKeywords.groovy:620)
	at com.kms.katalon.core.webui.keyword.WebUiBuiltInKeywords$click.call(Unknown Source)
	at TCMHC08 - User bisa membuka list Help Supervisor dan Reviewer pada halaman Help dan membuka beberapa list collapse help Supervisor dan Reviewer.run(TCMHC08 - User bisa membuka list Help Supervisor dan Reviewer pada halaman Help dan membuka beberapa list collapse help Supervisor dan Reviewer:22)
	at com.kms.katalon.core.main.ScriptEngine.run(ScriptEngine.java:194)
	at com.kms.katalon.core.main.ScriptEngine.runScriptAsRawText(ScriptEngine.java:119)
	at com.kms.katalon.core.main.TestCaseExecutor.runScript(TestCaseExecutor.java:448)
	at com.kms.katalon.core.main.TestCaseExecutor.doExecute(TestCaseExecutor.java:439)
	at com.kms.katalon.core.main.TestCaseExecutor.processExecutionPhase(TestCaseExecutor.java:418)
	at com.kms.katalon.core.main.TestCaseExecutor.accessMainPhase(TestCaseExecutor.java:410)
	at com.kms.katalon.core.main.TestCaseExecutor.execute(TestCaseExecutor.java:285)
	at com.kms.katalon.core.common.CommonExecutor.accessTestCaseMainPhase(CommonExecutor.java:65)
	at com.kms.katalon.core.main.TestSuiteExecutor.accessTestSuiteMainPhase(TestSuiteExecutor.java:148)
	at com.kms.katalon.core.main.TestSuiteExecutor.execute(TestSuiteExecutor.java:106)
	at com.kms.katalon.core.main.TestCaseMain.startTestSuite(TestCaseMain.java:187)
	at com.kms.katalon.core.main.TestCaseMain$startTestSuite$0.call(Unknown Source)
	at TempTestSuite1708918901494.run(TempTestSuite1708918901494.groovy:36)
Caused by: com.kms.katalon.core.webui.exception.WebElementNotFoundException: Web element with id: 'Object Repository/Object Help/list_supervisor_reviewer_help' located by '//*[@id = 'list-supervisor-reviewer-help']' not found
	at com.kms.katalon.core.webui.common.WebUiCommonHelper.findWebElement(WebUiCommonHelper.java:1381)
	at com.kms.katalon.core.webui.keyword.internal.WebUIAbstractKeyword.findWebElement(WebUIAbstractKeyword.groovy:27)
	at com.kms.katalon.core.webui.keyword.builtin.ClickKeyword$_click_closure1.doCall(ClickKeyword.groovy:65)
	at com.kms.katalon.core.webui.keyword.builtin.ClickKeyword$_click_closure1.call(ClickKeyword.groovy)
	at com.kms.katalon.core.webui.keyword.internal.WebUIKeywordMain.runKeyword(WebUIKeywordMain.groovy:20)
	at com.kms.katalon.core.webui.keyword.builtin.ClickKeyword.click(ClickKeyword.groovy:74)
	at com.kms.katalon.core.webui.keyword.builtin.ClickKeyword.execute(ClickKeyword.groovy:40)
	at com.kms.katalon.core.keyword.internal.KeywordExecutor.executeKeywordForPlatform(KeywordExecutor.groovy:74)
	at com.kms.katalon.core.webui.keyword.WebUiBuiltInKeywords.click(WebUiBuiltInKeywords.groovy:620)
	at com.kms.katalon.core.webui.keyword.WebUiBuiltInKeywords$click.call(Unknown Source)
	at Script1708674472826.run(Script1708674472826.groovy:22)
	... 13 more
)

2024-02-26 10:43:03 - [MESSAGE][INFO] - Unable to find the element located by 'By.xpath: //*[@id = 'list-supervisor-reviewer-help']'. Please recheck the objects properties to make sure the desired element is located. 

2024-02-26 10:43:03 - [MESSAGE][FAILED] - Unable to click on object 'Object Repository/Object Help/list_supervisor_reviewer_help' (Root cause: com.kms.katalon.core.exception.StepFailedException: Unable to click on object 'Object Repository/Object Help/list_supervisor_reviewer_help'
	at com.kms.katalon.core.webui.keyword.internal.WebUIKeywordMain.stepFailed(WebUIKeywordMain.groovy:64)
	at com.kms.katalon.core.webui.keyword.internal.WebUIKeywordMain.runKeyword(WebUIKeywordMain.groovy:26)
	at com.kms.katalon.core.webui.keyword.builtin.ClickKeyword.click(ClickKeyword.groovy:74)
	at com.kms.katalon.core.webui.keyword.builtin.ClickKeyword.execute(ClickKeyword.groovy:40)
	at com.kms.katalon.core.keyword.internal.KeywordExecutor.executeKeywordForPlatform(KeywordExecutor.groovy:74)
	at com.kms.katalon.core.webui.keyword.WebUiBuiltInKeywords.click(WebUiBuiltInKeywords.groovy:620)
	at com.kms.katalon.core.webui.keyword.WebUiBuiltInKeywords$click.call(Unknown Source)
	at TCMHC08 - User bisa membuka list Help Supervisor dan Reviewer pada halaman Help dan membuka beberapa list collapse help Supervisor dan Reviewer.run(TCMHC08 - User bisa membuka list Help Supervisor dan Reviewer pada halaman Help dan membuka beberapa list collapse help Supervisor dan Reviewer:22)
	at com.kms.katalon.core.main.ScriptEngine.run(ScriptEngine.java:194)
	at com.kms.katalon.core.main.ScriptEngine.runScriptAsRawText(ScriptEngine.java:119)
	at com.kms.katalon.core.main.TestCaseExecutor.runScript(TestCaseExecutor.java:448)
	at com.kms.katalon.core.main.TestCaseExecutor.doExecute(TestCaseExecutor.java:439)
	at com.kms.katalon.core.main.TestCaseExecutor.processExecutionPhase(TestCaseExecutor.java:418)
	at com.kms.katalon.core.main.TestCaseExecutor.accessMainPhase(TestCaseExecutor.java:410)
	at com.kms.katalon.core.main.TestCaseExecutor.execute(TestCaseExecutor.java:285)
	at com.kms.katalon.core.common.CommonExecutor.accessTestCaseMainPhase(CommonExecutor.java:65)
	at com.kms.katalon.core.main.TestSuiteExecutor.accessTestSuiteMainPhase(TestSuiteExecutor.java:148)
	at com.kms.katalon.core.main.TestSuiteExecutor.execute(TestSuiteExecutor.java:106)
	at com.kms.katalon.core.main.TestCaseMain.startTestSuite(TestCaseMain.java:187)
	at com.kms.katalon.core.main.TestCaseMain$startTestSuite$0.call(Unknown Source)
	at TempTestSuite1708918901494.run(TempTestSuite1708918901494.groovy:36)
Caused by: com.kms.katalon.core.webui.exception.WebElementNotFoundException: Web element with id: 'Object Repository/Object Help/list_supervisor_reviewer_help' located by '//*[@id = 'list-supervisor-reviewer-help']' not found
	at com.kms.katalon.core.webui.common.WebUiCommonHelper.findWebElement(WebUiCommonHelper.java:1381)
	at com.kms.katalon.core.webui.keyword.internal.WebUIAbstractKeyword.findWebElement(WebUIAbstractKeyword.groovy:27)
	at com.kms.katalon.core.webui.keyword.builtin.ClickKeyword$_click_closure1.doCall(ClickKeyword.groovy:65)
	at com.kms.katalon.core.webui.keyword.builtin.ClickKeyword$_click_closure1.call(ClickKeyword.groovy)
	at com.kms.katalon.core.webui.keyword.internal.WebUIKeywordMain.runKeyword(WebUIKeywordMain.groovy:20)
	at com.kms.katalon.core.webui.keyword.builtin.ClickKeyword.click(ClickKeyword.groovy:74)
	at com.kms.katalon.core.webui.keyword.builtin.ClickKeyword.execute(ClickKeyword.groovy:40)
	at com.kms.katalon.core.keyword.internal.KeywordExecutor.executeKeywordForPlatform(KeywordExecutor.groovy:74)
	at com.kms.katalon.core.webui.keyword.WebUiBuiltInKeywords.click(WebUiBuiltInKeywords.groovy:620)
	at com.kms.katalon.core.webui.keyword.WebUiBuiltInKeywords$click.call(Unknown Source)
	at Script1708674472826.run(Script1708674472826.groovy:22)
	... 13 more
)
[[ATTACHMENT|C:\\Users\\User\\git\\moleawiz_web_katalon_automation\\Reports\\20240226_104141\\MoLeaWiz\\Help Center\\Positive Case\\Scenario Postive Case - Help\\20240226_104141\\1708918983286.png]]]]></system-out>
         <system-err><![CDATA[2024-02-26 10:42:29 - [TEST_CASE][FAILED] - Test Cases/MoLeaWiz/Help/Positive Case/TCMHC08 - User bisa membuka list Help Supervisor dan Reviewer pada halaman Help dan membuka beberapa list collapse help Supervisor dan Reviewer: Test Cases/MoLeaWiz/Help/Positive Case/TCMHC08 - User bisa membuka list Help Supervisor dan Reviewer pada halaman Help dan membuka beberapa list collapse help Supervisor dan Reviewer FAILED.
Reason:
com.kms.katalon.core.exception.StepFailedException: Unable to click on object 'Object Repository/Object Help/list_supervisor_reviewer_help'
	at com.kms.katalon.core.webui.keyword.internal.WebUIKeywordMain.stepFailed(WebUIKeywordMain.groovy:64)
	at com.kms.katalon.core.webui.keyword.internal.WebUIKeywordMain.runKeyword(WebUIKeywordMain.groovy:26)
	at com.kms.katalon.core.webui.keyword.builtin.ClickKeyword.click(ClickKeyword.groovy:74)
	at com.kms.katalon.core.webui.keyword.builtin.ClickKeyword.execute(ClickKeyword.groovy:40)
	at com.kms.katalon.core.keyword.internal.KeywordExecutor.executeKeywordForPlatform(KeywordExecutor.groovy:74)
	at com.kms.katalon.core.webui.keyword.WebUiBuiltInKeywords.click(WebUiBuiltInKeywords.groovy:620)
	at com.kms.katalon.core.webui.keyword.WebUiBuiltInKeywords$click.call(Unknown Source)
	at TCMHC08 - User bisa membuka list Help Supervisor dan Reviewer pada halaman Help dan membuka beberapa list collapse help Supervisor dan Reviewer.run(TCMHC08 - User bisa membuka list Help Supervisor dan Reviewer pada halaman Help dan membuka beberapa list collapse help Supervisor dan Reviewer:22)
	at com.kms.katalon.core.main.ScriptEngine.run(ScriptEngine.java:194)
	at com.kms.katalon.core.main.ScriptEngine.runScriptAsRawText(ScriptEngine.java:119)
	at com.kms.katalon.core.main.TestCaseExecutor.runScript(TestCaseExecutor.java:448)
	at com.kms.katalon.core.main.TestCaseExecutor.doExecute(TestCaseExecutor.java:439)
	at com.kms.katalon.core.main.TestCaseExecutor.processExecutionPhase(TestCaseExecutor.java:418)
	at com.kms.katalon.core.main.TestCaseExecutor.accessMainPhase(TestCaseExecutor.java:410)
	at com.kms.katalon.core.main.TestCaseExecutor.execute(TestCaseExecutor.java:285)
	at com.kms.katalon.core.common.CommonExecutor.accessTestCaseMainPhase(CommonExecutor.java:65)
	at com.kms.katalon.core.main.TestSuiteExecutor.accessTestSuiteMainPhase(TestSuiteExecutor.java:148)
	at com.kms.katalon.core.main.TestSuiteExecutor.execute(TestSuiteExecutor.java:106)
	at com.kms.katalon.core.main.TestCaseMain.startTestSuite(TestCaseMain.java:187)
	at com.kms.katalon.core.main.TestCaseMain$startTestSuite$0.call(Unknown Source)
	at TempTestSuite1708918901494.run(TempTestSuite1708918901494.groovy:36)
Caused by: com.kms.katalon.core.webui.exception.WebElementNotFoundException: Web element with id: 'Object Repository/Object Help/list_supervisor_reviewer_help' located by '//*[@id = 'list-supervisor-reviewer-help']' not found
	at com.kms.katalon.core.webui.common.WebUiCommonHelper.findWebElement(WebUiCommonHelper.java:1381)
	at com.kms.katalon.core.webui.keyword.internal.WebUIAbstractKeyword.findWebElement(WebUIAbstractKeyword.groovy:27)
	at com.kms.katalon.core.webui.keyword.builtin.ClickKeyword$_click_closure1.doCall(ClickKeyword.groovy:65)
	at com.kms.katalon.core.webui.keyword.builtin.ClickKeyword$_click_closure1.call(ClickKeyword.groovy)
	at com.kms.katalon.core.webui.keyword.internal.WebUIKeywordMain.runKeyword(WebUIKeywordMain.groovy:20)
	... 19 more]]></system-err>
      </testcase>
      <testcase name="Test Cases/MoLeaWiz/Help/Positive Case/TCMHC09 - User bisa membuka list Help Account Data dan Security pada halaman Help dan membuka beberapa list collapse help Account Data dan Security" time="4.966" classname="Test Cases/MoLeaWiz/Help/Positive Case/TCMHC09 - User bisa membuka list Help Account Data dan Security pada halaman Help dan membuka beberapa list collapse help Account Data dan Security" status="PASSED">
         <system-out><![CDATA[2024-02-26 10:43:03 - [TEST_CASE][PASSED] - Test Cases/MoLeaWiz/Help/Positive Case/TCMHC09 - User bisa membuka list Help Account Data dan Security pada halaman Help dan membuka beberapa list collapse help Account Data dan Security: Test Cases/MoLeaWiz/Help/Positive Case/TCMHC09 - User bisa membuka list Help Account Data dan Security pada halaman Help dan membuka beberapa list collapse help Account Data dan Security

2024-02-26 10:43:04 - [TEST_STEP][PASSED] - click(findTestObject("Object Menu/btn_Help_Menu")): Object: 'Object Repository/Object Menu/btn_Help_Menu' is clicked on

2024-02-26 10:43:05 - [MESSAGE][PASSED] - Object: 'Object Repository/Object Menu/btn_Help_Menu' is clicked on

2024-02-26 10:43:05 - [TEST_STEP][PASSED] - scrollToElement(findTestObject("Object Help/list_account_data_security_help"), 0): Scroll to object 'Object Repository/Object Help/list_account_data_security_help' successfully

2024-02-26 10:43:05 - [MESSAGE][WARNING] - Timeout '0' is invalid. Using default page load timeout: '30'

2024-02-26 10:43:06 - [MESSAGE][PASSED] - Scroll to object 'Object Repository/Object Help/list_account_data_security_help' successfully

2024-02-26 10:43:06 - [TEST_STEP][PASSED] - click(findTestObject("Object Help/list_account_data_security_help")): Object: 'Object Repository/Object Help/list_account_data_security_help' is clicked on

2024-02-26 10:43:07 - [MESSAGE][PASSED] - Object: 'Object Repository/Object Help/list_account_data_security_help' is clicked on

2024-02-26 10:43:07 - [TEST_STEP][PASSED] - click(findTestObject("Object Help/list_collapse_help_index_0")): Object: 'Object Repository/Object Help/list_collapse_help_index_0' is clicked on

2024-02-26 10:43:07 - [MESSAGE][PASSED] - Object: 'Object Repository/Object Help/list_collapse_help_index_0' is clicked on

2024-02-26 10:43:07 - [TEST_STEP][PASSED] - click(findTestObject("Object Help/list_collapse_help_index_1")): Object: 'Object Repository/Object Help/list_collapse_help_index_1' is clicked on

2024-02-26 10:43:08 - [MESSAGE][PASSED] - Object: 'Object Repository/Object Help/list_collapse_help_index_1' is clicked on]]></system-out>
         <system-err><![CDATA[]]></system-err>
      </testcase>
      <testcase name="Test Cases/MoLeaWiz/Help/Positive Case/TCMHC10 - User bisa membuka list Help Other pada halaman Help dan membuka beberapa list collapse help Other" time="33.486" classname="Test Cases/MoLeaWiz/Help/Positive Case/TCMHC10 - User bisa membuka list Help Other pada halaman Help dan membuka beberapa list collapse help Other" status="FAILED">
         <failure type="FAILED" message="Test Cases/MoLeaWiz/Help/Positive Case/TCMHC10 - User bisa membuka list Help Other pada halaman Help dan membuka beberapa list collapse help Other FAILED.
Reason:
com.kms.katalon.core.exception.StepFailedException: Unable to click on object 'Object Repository/Object Help/list_other_help'
	at com.kms.katalon.core.webui.keyword.internal.WebUIKeywordMain.stepFailed(WebUIKeywordMain.groovy:64)
	at com.kms.katalon.core.webui.keyword.internal.WebUIKeywordMain.runKeyword(WebUIKeywordMain.groovy:26)
	at com.kms.katalon.core.webui.keyword.builtin.ClickKeyword.click(ClickKeyword.groovy:74)
	at com.kms.katalon.core.webui.keyword.builtin.ClickKeyword.execute(ClickKeyword.groovy:40)
	at com.kms.katalon.core.keyword.internal.KeywordExecutor.executeKeywordForPlatform(KeywordExecutor.groovy:74)
	at com.kms.katalon.core.webui.keyword.WebUiBuiltInKeywords.click(WebUiBuiltInKeywords.groovy:620)
	at com.kms.katalon.core.webui.keyword.WebUiBuiltInKeywords$click.call(Unknown Source)
	at TCMHC10 - User bisa membuka list Help Other pada halaman Help dan membuka beberapa list collapse help Other.run(TCMHC10 - User bisa membuka list Help Other pada halaman Help dan membuka beberapa list collapse help Other:22)
	at com.kms.katalon.core.main.ScriptEngine.run(ScriptEngine.java:194)
	at com.kms.katalon.core.main.ScriptEngine.runScriptAsRawText(ScriptEngine.java:119)
	at com.kms.katalon.core.main.TestCaseExecutor.runScript(TestCaseExecutor.java:448)
	at com.kms.katalon.core.main.TestCaseExecutor.doExecute(TestCaseExecutor.java:439)
	at com.kms.katalon.core.main.TestCaseExecutor.processExecutionPhase(TestCaseExecutor.java:418)
	at com.kms.katalon.core.main.TestCaseExecutor.accessMainPhase(TestCaseExecutor.java:410)
	at com.kms.katalon.core.main.TestCaseExecutor.execute(TestCaseExecutor.java:285)
	at com.kms.katalon.core.common.CommonExecutor.accessTestCaseMainPhase(CommonExecutor.java:65)
	at com.kms.katalon.core.main.TestSuiteExecutor.accessTestSuiteMainPhase(TestSuiteExecutor.java:148)
	at com.kms.katalon.core.main.TestSuiteExecutor.execute(TestSuiteExecutor.java:106)
	at com.kms.katalon.core.main.TestCaseMain.startTestSuite(TestCaseMain.java:187)
	at com.kms.katalon.core.main.TestCaseMain$startTestSuite$0.call(Unknown Source)
	at TempTestSuite1708918901494.run(TempTestSuite1708918901494.groovy:36)
Caused by: com.kms.katalon.core.webui.exception.WebElementNotFoundException: Web element with id: 'Object Repository/Object Help/list_other_help' located by '//*[@id = 'list-other-help']' not found
	at com.kms.katalon.core.webui.common.WebUiCommonHelper.findWebElement(WebUiCommonHelper.java:1381)
	at com.kms.katalon.core.webui.keyword.internal.WebUIAbstractKeyword.findWebElement(WebUIAbstractKeyword.groovy:27)
	at com.kms.katalon.core.webui.keyword.builtin.ClickKeyword$_click_closure1.doCall(ClickKeyword.groovy:65)
	at com.kms.katalon.core.webui.keyword.builtin.ClickKeyword$_click_closure1.call(ClickKeyword.groovy)
	at com.kms.katalon.core.webui.keyword.internal.WebUIKeywordMain.runKeyword(WebUIKeywordMain.groovy:20)
	... 19 more
"/>
         <system-out><![CDATA[2024-02-26 10:43:08 - [TEST_CASE][FAILED] - Test Cases/MoLeaWiz/Help/Positive Case/TCMHC10 - User bisa membuka list Help Other pada halaman Help dan membuka beberapa list collapse help Other: Test Cases/MoLeaWiz/Help/Positive Case/TCMHC10 - User bisa membuka list Help Other pada halaman Help dan membuka beberapa list collapse help Other FAILED.
Reason:
com.kms.katalon.core.exception.StepFailedException: Unable to click on object 'Object Repository/Object Help/list_other_help'
	at com.kms.katalon.core.webui.keyword.internal.WebUIKeywordMain.stepFailed(WebUIKeywordMain.groovy:64)
	at com.kms.katalon.core.webui.keyword.internal.WebUIKeywordMain.runKeyword(WebUIKeywordMain.groovy:26)
	at com.kms.katalon.core.webui.keyword.builtin.ClickKeyword.click(ClickKeyword.groovy:74)
	at com.kms.katalon.core.webui.keyword.builtin.ClickKeyword.execute(ClickKeyword.groovy:40)
	at com.kms.katalon.core.keyword.internal.KeywordExecutor.executeKeywordForPlatform(KeywordExecutor.groovy:74)
	at com.kms.katalon.core.webui.keyword.WebUiBuiltInKeywords.click(WebUiBuiltInKeywords.groovy:620)
	at com.kms.katalon.core.webui.keyword.WebUiBuiltInKeywords$click.call(Unknown Source)
	at TCMHC10 - User bisa membuka list Help Other pada halaman Help dan membuka beberapa list collapse help Other.run(TCMHC10 - User bisa membuka list Help Other pada halaman Help dan membuka beberapa list collapse help Other:22)
	at com.kms.katalon.core.main.ScriptEngine.run(ScriptEngine.java:194)
	at com.kms.katalon.core.main.ScriptEngine.runScriptAsRawText(ScriptEngine.java:119)
	at com.kms.katalon.core.main.TestCaseExecutor.runScript(TestCaseExecutor.java:448)
	at com.kms.katalon.core.main.TestCaseExecutor.doExecute(TestCaseExecutor.java:439)
	at com.kms.katalon.core.main.TestCaseExecutor.processExecutionPhase(TestCaseExecutor.java:418)
	at com.kms.katalon.core.main.TestCaseExecutor.accessMainPhase(TestCaseExecutor.java:410)
	at com.kms.katalon.core.main.TestCaseExecutor.execute(TestCaseExecutor.java:285)
	at com.kms.katalon.core.common.CommonExecutor.accessTestCaseMainPhase(CommonExecutor.java:65)
	at com.kms.katalon.core.main.TestSuiteExecutor.accessTestSuiteMainPhase(TestSuiteExecutor.java:148)
	at com.kms.katalon.core.main.TestSuiteExecutor.execute(TestSuiteExecutor.java:106)
	at com.kms.katalon.core.main.TestCaseMain.startTestSuite(TestCaseMain.java:187)
	at com.kms.katalon.core.main.TestCaseMain$startTestSuite$0.call(Unknown Source)
	at TempTestSuite1708918901494.run(TempTestSuite1708918901494.groovy:36)
Caused by: com.kms.katalon.core.webui.exception.WebElementNotFoundException: Web element with id: 'Object Repository/Object Help/list_other_help' located by '//*[@id = 'list-other-help']' not found
	at com.kms.katalon.core.webui.common.WebUiCommonHelper.findWebElement(WebUiCommonHelper.java:1381)
	at com.kms.katalon.core.webui.keyword.internal.WebUIAbstractKeyword.findWebElement(WebUIAbstractKeyword.groovy:27)
	at com.kms.katalon.core.webui.keyword.builtin.ClickKeyword$_click_closure1.doCall(ClickKeyword.groovy:65)
	at com.kms.katalon.core.webui.keyword.builtin.ClickKeyword$_click_closure1.call(ClickKeyword.groovy)
	at com.kms.katalon.core.webui.keyword.internal.WebUIKeywordMain.runKeyword(WebUIKeywordMain.groovy:20)
	... 19 more


2024-02-26 10:43:09 - [TEST_STEP][PASSED] - click(findTestObject("Object Menu/btn_Help_Menu")): Object: 'Object Repository/Object Menu/btn_Help_Menu' is clicked on

2024-02-26 10:43:10 - [MESSAGE][PASSED] - Object: 'Object Repository/Object Menu/btn_Help_Menu' is clicked on

2024-02-26 10:43:10 - [TEST_STEP][FAILED] - click(findTestObject("Object Help/list_other_help")): Unable to click on object 'Object Repository/Object Help/list_other_help' (Root cause: com.kms.katalon.core.exception.StepFailedException: Unable to click on object 'Object Repository/Object Help/list_other_help'
	at com.kms.katalon.core.webui.keyword.internal.WebUIKeywordMain.stepFailed(WebUIKeywordMain.groovy:64)
	at com.kms.katalon.core.webui.keyword.internal.WebUIKeywordMain.runKeyword(WebUIKeywordMain.groovy:26)
	at com.kms.katalon.core.webui.keyword.builtin.ClickKeyword.click(ClickKeyword.groovy:74)
	at com.kms.katalon.core.webui.keyword.builtin.ClickKeyword.execute(ClickKeyword.groovy:40)
	at com.kms.katalon.core.keyword.internal.KeywordExecutor.executeKeywordForPlatform(KeywordExecutor.groovy:74)
	at com.kms.katalon.core.webui.keyword.WebUiBuiltInKeywords.click(WebUiBuiltInKeywords.groovy:620)
	at com.kms.katalon.core.webui.keyword.WebUiBuiltInKeywords$click.call(Unknown Source)
	at TCMHC10 - User bisa membuka list Help Other pada halaman Help dan membuka beberapa list collapse help Other.run(TCMHC10 - User bisa membuka list Help Other pada halaman Help dan membuka beberapa list collapse help Other:22)
	at com.kms.katalon.core.main.ScriptEngine.run(ScriptEngine.java:194)
	at com.kms.katalon.core.main.ScriptEngine.runScriptAsRawText(ScriptEngine.java:119)
	at com.kms.katalon.core.main.TestCaseExecutor.runScript(TestCaseExecutor.java:448)
	at com.kms.katalon.core.main.TestCaseExecutor.doExecute(TestCaseExecutor.java:439)
	at com.kms.katalon.core.main.TestCaseExecutor.processExecutionPhase(TestCaseExecutor.java:418)
	at com.kms.katalon.core.main.TestCaseExecutor.accessMainPhase(TestCaseExecutor.java:410)
	at com.kms.katalon.core.main.TestCaseExecutor.execute(TestCaseExecutor.java:285)
	at com.kms.katalon.core.common.CommonExecutor.accessTestCaseMainPhase(CommonExecutor.java:65)
	at com.kms.katalon.core.main.TestSuiteExecutor.accessTestSuiteMainPhase(TestSuiteExecutor.java:148)
	at com.kms.katalon.core.main.TestSuiteExecutor.execute(TestSuiteExecutor.java:106)
	at com.kms.katalon.core.main.TestCaseMain.startTestSuite(TestCaseMain.java:187)
	at com.kms.katalon.core.main.TestCaseMain$startTestSuite$0.call(Unknown Source)
	at TempTestSuite1708918901494.run(TempTestSuite1708918901494.groovy:36)
Caused by: com.kms.katalon.core.webui.exception.WebElementNotFoundException: Web element with id: 'Object Repository/Object Help/list_other_help' located by '//*[@id = 'list-other-help']' not found
	at com.kms.katalon.core.webui.common.WebUiCommonHelper.findWebElement(WebUiCommonHelper.java:1381)
	at com.kms.katalon.core.webui.keyword.internal.WebUIAbstractKeyword.findWebElement(WebUIAbstractKeyword.groovy:27)
	at com.kms.katalon.core.webui.keyword.builtin.ClickKeyword$_click_closure1.doCall(ClickKeyword.groovy:65)
	at com.kms.katalon.core.webui.keyword.builtin.ClickKeyword$_click_closure1.call(ClickKeyword.groovy)
	at com.kms.katalon.core.webui.keyword.internal.WebUIKeywordMain.runKeyword(WebUIKeywordMain.groovy:20)
	at com.kms.katalon.core.webui.keyword.builtin.ClickKeyword.click(ClickKeyword.groovy:74)
	at com.kms.katalon.core.webui.keyword.builtin.ClickKeyword.execute(ClickKeyword.groovy:40)
	at com.kms.katalon.core.keyword.internal.KeywordExecutor.executeKeywordForPlatform(KeywordExecutor.groovy:74)
	at com.kms.katalon.core.webui.keyword.WebUiBuiltInKeywords.click(WebUiBuiltInKeywords.groovy:620)
	at com.kms.katalon.core.webui.keyword.WebUiBuiltInKeywords$click.call(Unknown Source)
	at Script1708674500481.run(Script1708674500481.groovy:22)
	... 13 more
)

2024-02-26 10:43:41 - [MESSAGE][INFO] - Unable to find the element located by 'By.xpath: //*[@id = 'list-other-help']'. Please recheck the objects properties to make sure the desired element is located. 

2024-02-26 10:43:42 - [MESSAGE][FAILED] - Unable to click on object 'Object Repository/Object Help/list_other_help' (Root cause: com.kms.katalon.core.exception.StepFailedException: Unable to click on object 'Object Repository/Object Help/list_other_help'
	at com.kms.katalon.core.webui.keyword.internal.WebUIKeywordMain.stepFailed(WebUIKeywordMain.groovy:64)
	at com.kms.katalon.core.webui.keyword.internal.WebUIKeywordMain.runKeyword(WebUIKeywordMain.groovy:26)
	at com.kms.katalon.core.webui.keyword.builtin.ClickKeyword.click(ClickKeyword.groovy:74)
	at com.kms.katalon.core.webui.keyword.builtin.ClickKeyword.execute(ClickKeyword.groovy:40)
	at com.kms.katalon.core.keyword.internal.KeywordExecutor.executeKeywordForPlatform(KeywordExecutor.groovy:74)
	at com.kms.katalon.core.webui.keyword.WebUiBuiltInKeywords.click(WebUiBuiltInKeywords.groovy:620)
	at com.kms.katalon.core.webui.keyword.WebUiBuiltInKeywords$click.call(Unknown Source)
	at TCMHC10 - User bisa membuka list Help Other pada halaman Help dan membuka beberapa list collapse help Other.run(TCMHC10 - User bisa membuka list Help Other pada halaman Help dan membuka beberapa list collapse help Other:22)
	at com.kms.katalon.core.main.ScriptEngine.run(ScriptEngine.java:194)
	at com.kms.katalon.core.main.ScriptEngine.runScriptAsRawText(ScriptEngine.java:119)
	at com.kms.katalon.core.main.TestCaseExecutor.runScript(TestCaseExecutor.java:448)
	at com.kms.katalon.core.main.TestCaseExecutor.doExecute(TestCaseExecutor.java:439)
	at com.kms.katalon.core.main.TestCaseExecutor.processExecutionPhase(TestCaseExecutor.java:418)
	at com.kms.katalon.core.main.TestCaseExecutor.accessMainPhase(TestCaseExecutor.java:410)
	at com.kms.katalon.core.main.TestCaseExecutor.execute(TestCaseExecutor.java:285)
	at com.kms.katalon.core.common.CommonExecutor.accessTestCaseMainPhase(CommonExecutor.java:65)
	at com.kms.katalon.core.main.TestSuiteExecutor.accessTestSuiteMainPhase(TestSuiteExecutor.java:148)
	at com.kms.katalon.core.main.TestSuiteExecutor.execute(TestSuiteExecutor.java:106)
	at com.kms.katalon.core.main.TestCaseMain.startTestSuite(TestCaseMain.java:187)
	at com.kms.katalon.core.main.TestCaseMain$startTestSuite$0.call(Unknown Source)
	at TempTestSuite1708918901494.run(TempTestSuite1708918901494.groovy:36)
Caused by: com.kms.katalon.core.webui.exception.WebElementNotFoundException: Web element with id: 'Object Repository/Object Help/list_other_help' located by '//*[@id = 'list-other-help']' not found
	at com.kms.katalon.core.webui.common.WebUiCommonHelper.findWebElement(WebUiCommonHelper.java:1381)
	at com.kms.katalon.core.webui.keyword.internal.WebUIAbstractKeyword.findWebElement(WebUIAbstractKeyword.groovy:27)
	at com.kms.katalon.core.webui.keyword.builtin.ClickKeyword$_click_closure1.doCall(ClickKeyword.groovy:65)
	at com.kms.katalon.core.webui.keyword.builtin.ClickKeyword$_click_closure1.call(ClickKeyword.groovy)
	at com.kms.katalon.core.webui.keyword.internal.WebUIKeywordMain.runKeyword(WebUIKeywordMain.groovy:20)
	at com.kms.katalon.core.webui.keyword.builtin.ClickKeyword.click(ClickKeyword.groovy:74)
	at com.kms.katalon.core.webui.keyword.builtin.ClickKeyword.execute(ClickKeyword.groovy:40)
	at com.kms.katalon.core.keyword.internal.KeywordExecutor.executeKeywordForPlatform(KeywordExecutor.groovy:74)
	at com.kms.katalon.core.webui.keyword.WebUiBuiltInKeywords.click(WebUiBuiltInKeywords.groovy:620)
	at com.kms.katalon.core.webui.keyword.WebUiBuiltInKeywords$click.call(Unknown Source)
	at Script1708674500481.run(Script1708674500481.groovy:22)
	... 13 more
)
[[ATTACHMENT|C:\\Users\\User\\git\\moleawiz_web_katalon_automation\\Reports\\20240226_104141\\MoLeaWiz\\Help Center\\Positive Case\\Scenario Postive Case - Help\\20240226_104141\\1708919021895.png]]]]></system-out>
         <system-err><![CDATA[2024-02-26 10:43:08 - [TEST_CASE][FAILED] - Test Cases/MoLeaWiz/Help/Positive Case/TCMHC10 - User bisa membuka list Help Other pada halaman Help dan membuka beberapa list collapse help Other: Test Cases/MoLeaWiz/Help/Positive Case/TCMHC10 - User bisa membuka list Help Other pada halaman Help dan membuka beberapa list collapse help Other FAILED.
Reason:
com.kms.katalon.core.exception.StepFailedException: Unable to click on object 'Object Repository/Object Help/list_other_help'
	at com.kms.katalon.core.webui.keyword.internal.WebUIKeywordMain.stepFailed(WebUIKeywordMain.groovy:64)
	at com.kms.katalon.core.webui.keyword.internal.WebUIKeywordMain.runKeyword(WebUIKeywordMain.groovy:26)
	at com.kms.katalon.core.webui.keyword.builtin.ClickKeyword.click(ClickKeyword.groovy:74)
	at com.kms.katalon.core.webui.keyword.builtin.ClickKeyword.execute(ClickKeyword.groovy:40)
	at com.kms.katalon.core.keyword.internal.KeywordExecutor.executeKeywordForPlatform(KeywordExecutor.groovy:74)
	at com.kms.katalon.core.webui.keyword.WebUiBuiltInKeywords.click(WebUiBuiltInKeywords.groovy:620)
	at com.kms.katalon.core.webui.keyword.WebUiBuiltInKeywords$click.call(Unknown Source)
	at TCMHC10 - User bisa membuka list Help Other pada halaman Help dan membuka beberapa list collapse help Other.run(TCMHC10 - User bisa membuka list Help Other pada halaman Help dan membuka beberapa list collapse help Other:22)
	at com.kms.katalon.core.main.ScriptEngine.run(ScriptEngine.java:194)
	at com.kms.katalon.core.main.ScriptEngine.runScriptAsRawText(ScriptEngine.java:119)
	at com.kms.katalon.core.main.TestCaseExecutor.runScript(TestCaseExecutor.java:448)
	at com.kms.katalon.core.main.TestCaseExecutor.doExecute(TestCaseExecutor.java:439)
	at com.kms.katalon.core.main.TestCaseExecutor.processExecutionPhase(TestCaseExecutor.java:418)
	at com.kms.katalon.core.main.TestCaseExecutor.accessMainPhase(TestCaseExecutor.java:410)
	at com.kms.katalon.core.main.TestCaseExecutor.execute(TestCaseExecutor.java:285)
	at com.kms.katalon.core.common.CommonExecutor.accessTestCaseMainPhase(CommonExecutor.java:65)
	at com.kms.katalon.core.main.TestSuiteExecutor.accessTestSuiteMainPhase(TestSuiteExecutor.java:148)
	at com.kms.katalon.core.main.TestSuiteExecutor.execute(TestSuiteExecutor.java:106)
	at com.kms.katalon.core.main.TestCaseMain.startTestSuite(TestCaseMain.java:187)
	at com.kms.katalon.core.main.TestCaseMain$startTestSuite$0.call(Unknown Source)
	at TempTestSuite1708918901494.run(TempTestSuite1708918901494.groovy:36)
Caused by: com.kms.katalon.core.webui.exception.WebElementNotFoundException: Web element with id: 'Object Repository/Object Help/list_other_help' located by '//*[@id = 'list-other-help']' not found
	at com.kms.katalon.core.webui.common.WebUiCommonHelper.findWebElement(WebUiCommonHelper.java:1381)
	at com.kms.katalon.core.webui.keyword.internal.WebUIAbstractKeyword.findWebElement(WebUIAbstractKeyword.groovy:27)
	at com.kms.katalon.core.webui.keyword.builtin.ClickKeyword$_click_closure1.doCall(ClickKeyword.groovy:65)
	at com.kms.katalon.core.webui.keyword.builtin.ClickKeyword$_click_closure1.call(ClickKeyword.groovy)
	at com.kms.katalon.core.webui.keyword.internal.WebUIKeywordMain.runKeyword(WebUIKeywordMain.groovy:20)
	... 19 more]]></system-err>
      </testcase>
      <testcase name="Test Cases/MoLeaWiz/Help/Positive Case/TCMHC11 - User bisa membuka list Help Terms of Service pada halaman Help dan membuka beberapa list collapse help Terms of Service" time="4.403" classname="Test Cases/MoLeaWiz/Help/Positive Case/TCMHC11 - User bisa membuka list Help Terms of Service pada halaman Help dan membuka beberapa list collapse help Terms of Service" status="PASSED">
         <system-out><![CDATA[2024-02-26 10:43:42 - [TEST_CASE][PASSED] - Test Cases/MoLeaWiz/Help/Positive Case/TCMHC11 - User bisa membuka list Help Terms of Service pada halaman Help dan membuka beberapa list collapse help Terms of Service: Test Cases/MoLeaWiz/Help/Positive Case/TCMHC11 - User bisa membuka list Help Terms of Service pada halaman Help dan membuka beberapa list collapse help Terms of Service

2024-02-26 10:43:43 - [TEST_STEP][PASSED] - click(findTestObject("Object Menu/btn_Help_Menu")): Object: 'Object Repository/Object Menu/btn_Help_Menu' is clicked on

2024-02-26 10:43:43 - [MESSAGE][PASSED] - Object: 'Object Repository/Object Menu/btn_Help_Menu' is clicked on

2024-02-26 10:43:43 - [TEST_STEP][PASSED] - scrollToElement(findTestObject("Object Help/list_term_of_service_help"), 0): Scroll to object 'Object Repository/Object Help/list_term_of_service_help' successfully

2024-02-26 10:43:44 - [MESSAGE][WARNING] - Timeout '0' is invalid. Using default page load timeout: '30'

2024-02-26 10:43:44 - [MESSAGE][PASSED] - Scroll to object 'Object Repository/Object Help/list_term_of_service_help' successfully

2024-02-26 10:43:44 - [TEST_STEP][PASSED] - click(findTestObject("Object Help/list_term_of_service_help")): Object: 'Object Repository/Object Help/list_term_of_service_help' is clicked on

2024-02-26 10:43:45 - [MESSAGE][PASSED] - Object: 'Object Repository/Object Help/list_term_of_service_help' is clicked on

2024-02-26 10:43:45 - [TEST_STEP][PASSED] - click(findTestObject("Object Help/list_collapse_help_index_0")): Object: 'Object Repository/Object Help/list_collapse_help_index_0' is clicked on

2024-02-26 10:43:45 - [MESSAGE][PASSED] - Object: 'Object Repository/Object Help/list_collapse_help_index_0' is clicked on

2024-02-26 10:43:45 - [TEST_STEP][PASSED] - click(findTestObject("Object Help/list_collapse_help_index_1")): Object: 'Object Repository/Object Help/list_collapse_help_index_1' is clicked on

2024-02-26 10:43:46 - [MESSAGE][PASSED] - Object: 'Object Repository/Object Help/list_collapse_help_index_1' is clicked on]]></system-out>
         <system-err><![CDATA[]]></system-err>
      </testcase>
      <testcase name="Test Cases/MoLeaWiz/Help/Positive Case/TCMHC12 - User bisa membuka list Help Privacy dan Policy pada halaman Help dan membuka beberapa list collapse help Privecy dan Policy" time="5.236" classname="Test Cases/MoLeaWiz/Help/Positive Case/TCMHC12 - User bisa membuka list Help Privacy dan Policy pada halaman Help dan membuka beberapa list collapse help Privecy dan Policy" status="PASSED">
         <system-out><![CDATA[2024-02-26 10:43:46 - [TEST_CASE][PASSED] - Test Cases/MoLeaWiz/Help/Positive Case/TCMHC12 - User bisa membuka list Help Privacy dan Policy pada halaman Help dan membuka beberapa list collapse help Privecy dan Policy: Test Cases/MoLeaWiz/Help/Positive Case/TCMHC12 - User bisa membuka list Help Privacy dan Policy pada halaman Help dan membuka beberapa list collapse help Privecy dan Policy

2024-02-26 10:43:47 - [TEST_STEP][PASSED] - click(findTestObject("Object Menu/btn_Help_Menu")): Object: 'Object Repository/Object Menu/btn_Help_Menu' is clicked on

2024-02-26 10:43:48 - [MESSAGE][PASSED] - Object: 'Object Repository/Object Menu/btn_Help_Menu' is clicked on

2024-02-26 10:43:48 - [TEST_STEP][PASSED] - scrollToElement(findTestObject("Object Help/list_privacy_policy_help"), 0): Scroll to object 'Object Repository/Object Help/list_privacy_policy_help' successfully

2024-02-26 10:43:48 - [MESSAGE][WARNING] - Timeout '0' is invalid. Using default page load timeout: '30'

2024-02-26 10:43:49 - [MESSAGE][PASSED] - Scroll to object 'Object Repository/Object Help/list_privacy_policy_help' successfully

2024-02-26 10:43:49 - [TEST_STEP][PASSED] - click(findTestObject("Object Help/list_privacy_policy_help")): Object: 'Object Repository/Object Help/list_privacy_policy_help' is clicked on

2024-02-26 10:43:50 - [MESSAGE][PASSED] - Object: 'Object Repository/Object Help/list_privacy_policy_help' is clicked on

2024-02-26 10:43:50 - [TEST_STEP][PASSED] - click(findTestObject("Object Help/list_collapse_help_index_0")): Object: 'Object Repository/Object Help/list_collapse_help_index_0' is clicked on

2024-02-26 10:43:51 - [MESSAGE][PASSED] - Object: 'Object Repository/Object Help/list_collapse_help_index_0' is clicked on

2024-02-26 10:43:51 - [TEST_STEP][PASSED] - click(findTestObject("Object Help/list_collapse_help_index_1")): Object: 'Object Repository/Object Help/list_collapse_help_index_1' is clicked on

2024-02-26 10:43:51 - [MESSAGE][PASSED] - Object: 'Object Repository/Object Help/list_collapse_help_index_1' is clicked on]]></system-out>
         <system-err><![CDATA[]]></system-err>
      </testcase>
      <testcase name="Test Cases/MoLeaWiz/Help/Positive Case/TCMHC13 - User bisa membuka halaman Email MoLeaWiz" time="7.101" classname="Test Cases/MoLeaWiz/Help/Positive Case/TCMHC13 - User bisa membuka halaman Email MoLeaWiz" status="PASSED">
         <system-out><![CDATA[2024-02-26 10:43:51 - [TEST_CASE][PASSED] - Test Cases/MoLeaWiz/Help/Positive Case/TCMHC13 - User bisa membuka halaman Email MoLeaWiz: Test Cases/MoLeaWiz/Help/Positive Case/TCMHC13 - User bisa membuka halaman Email MoLeaWiz

2024-02-26 10:43:53 - [TEST_STEP][PASSED] - click(findTestObject("Object Menu/btn_Help_Menu")): Object: 'Object Repository/Object Menu/btn_Help_Menu' is clicked on

2024-02-26 10:43:53 - [MESSAGE][PASSED] - Object: 'Object Repository/Object Menu/btn_Help_Menu' is clicked on

2024-02-26 10:43:53 - [TEST_STEP][PASSED] - click(findTestObject("Object Help/link_help_moleawiz")): Object: 'Object Repository/Object Help/link_help_moleawiz' is clicked on

2024-02-26 10:43:54 - [MESSAGE][PASSED] - Object: 'Object Repository/Object Help/link_help_moleawiz' is clicked on

2024-02-26 10:43:54 - [TEST_STEP][PASSED] - click(findTestObject("Object Help/list_collapse_help_index_0")): Object: 'Object Repository/Object Help/list_collapse_help_index_0' is clicked on

2024-02-26 10:43:56 - [MESSAGE][PASSED] - Object: 'Object Repository/Object Help/list_collapse_help_index_0' is clicked on

2024-02-26 10:43:56 - [TEST_STEP][PASSED] - click(findTestObject("Object Help/list_collapse_help_index_1")): Object: 'Object Repository/Object Help/list_collapse_help_index_1' is clicked on

2024-02-26 10:43:59 - [MESSAGE][PASSED] - Object: 'Object Repository/Object Help/list_collapse_help_index_1' is clicked on]]></system-out>
         <system-err><![CDATA[]]></system-err>
      </testcase>
      <system-out><![CDATA[2024-02-26 10:41:49 - [TEST_SUITE][FAILED] - Scenario Postive Case - Help: Test Cases/MoLeaWiz/Help/Positive Case/TCMHC08 - User bisa membuka list Help Supervisor dan Reviewer pada halaman Help dan membuka beberapa list collapse help Supervisor dan Reviewer FAILED.
Reason:
com.kms.katalon.core.exception.StepFailedException: Unable to click on object 'Object Repository/Object Help/list_supervisor_reviewer_help'
	at com.kms.katalon.core.webui.keyword.internal.WebUIKeywordMain.stepFailed(WebUIKeywordMain.groovy:64)
	at com.kms.katalon.core.webui.keyword.internal.WebUIKeywordMain.runKeyword(WebUIKeywordMain.groovy:26)
	at com.kms.katalon.core.webui.keyword.builtin.ClickKeyword.click(ClickKeyword.groovy:74)
	at com.kms.katalon.core.webui.keyword.builtin.ClickKeyword.execute(ClickKeyword.groovy:40)
	at com.kms.katalon.core.keyword.internal.KeywordExecutor.executeKeywordForPlatform(KeywordExecutor.groovy:74)
	at com.kms.katalon.core.webui.keyword.WebUiBuiltInKeywords.click(WebUiBuiltInKeywords.groovy:620)
	at com.kms.katalon.core.webui.keyword.WebUiBuiltInKeywords$click.call(Unknown Source)
	at TCMHC08 - User bisa membuka list Help Supervisor dan Reviewer pada halaman Help dan membuka beberapa list collapse help Supervisor dan Reviewer.run(TCMHC08 - User bisa membuka list Help Supervisor dan Reviewer pada halaman Help dan membuka beberapa list collapse help Supervisor dan Reviewer:22)
	at com.kms.katalon.core.main.ScriptEngine.run(ScriptEngine.java:194)
	at com.kms.katalon.core.main.ScriptEngine.runScriptAsRawText(ScriptEngine.java:119)
	at com.kms.katalon.core.main.TestCaseExecutor.runScript(TestCaseExecutor.java:448)
	at com.kms.katalon.core.main.TestCaseExecutor.doExecute(TestCaseExecutor.java:439)
	at com.kms.katalon.core.main.TestCaseExecutor.processExecutionPhase(TestCaseExecutor.java:418)
	at com.kms.katalon.core.main.TestCaseExecutor.accessMainPhase(TestCaseExecutor.java:410)
	at com.kms.katalon.core.main.TestCaseExecutor.execute(TestCaseExecutor.java:285)
	at com.kms.katalon.core.common.CommonExecutor.accessTestCaseMainPhase(CommonExecutor.java:65)
	at com.kms.katalon.core.main.TestSuiteExecutor.accessTestSuiteMainPhase(TestSuiteExecutor.java:148)
	at com.kms.katalon.core.main.TestSuiteExecutor.execute(TestSuiteExecutor.java:106)
	at com.kms.katalon.core.main.TestCaseMain.startTestSuite(TestCaseMain.java:187)
	at com.kms.katalon.core.main.TestCaseMain$startTestSuite$0.call(Unknown Source)
	at TempTestSuite1708918901494.run(TempTestSuite1708918901494.groovy:36)
Caused by: com.kms.katalon.core.webui.exception.WebElementNotFoundException: Web element with id: 'Object Repository/Object Help/list_supervisor_reviewer_help' located by '//*[@id = 'list-supervisor-reviewer-help']' not found
	at com.kms.katalon.core.webui.common.WebUiCommonHelper.findWebElement(WebUiCommonHelper.java:1381)
	at com.kms.katalon.core.webui.keyword.internal.WebUIAbstractKeyword.findWebElement(WebUIAbstractKeyword.groovy:27)
	at com.kms.katalon.core.webui.keyword.builtin.ClickKeyword$_click_closure1.doCall(ClickKeyword.groovy:65)
	at com.kms.katalon.core.webui.keyword.builtin.ClickKeyword$_click_closure1.call(ClickKeyword.groovy)
	at com.kms.katalon.core.webui.keyword.internal.WebUIKeywordMain.runKeyword(WebUIKeywordMain.groovy:20)
	... 19 more]]></system-out>
      <system-err><![CDATA[2024-02-26 10:41:49 - [TEST_SUITE][FAILED] - Scenario Postive Case - Help: Test Cases/MoLeaWiz/Help/Positive Case/TCMHC08 - User bisa membuka list Help Supervisor dan Reviewer pada halaman Help dan membuka beberapa list collapse help Supervisor dan Reviewer FAILED.
Reason:
com.kms.katalon.core.exception.StepFailedException: Unable to click on object 'Object Repository/Object Help/list_supervisor_reviewer_help'
	at com.kms.katalon.core.webui.keyword.internal.WebUIKeywordMain.stepFailed(WebUIKeywordMain.groovy:64)
	at com.kms.katalon.core.webui.keyword.internal.WebUIKeywordMain.runKeyword(WebUIKeywordMain.groovy:26)
	at com.kms.katalon.core.webui.keyword.builtin.ClickKeyword.click(ClickKeyword.groovy:74)
	at com.kms.katalon.core.webui.keyword.builtin.ClickKeyword.execute(ClickKeyword.groovy:40)
	at com.kms.katalon.core.keyword.internal.KeywordExecutor.executeKeywordForPlatform(KeywordExecutor.groovy:74)
	at com.kms.katalon.core.webui.keyword.WebUiBuiltInKeywords.click(WebUiBuiltInKeywords.groovy:620)
	at com.kms.katalon.core.webui.keyword.WebUiBuiltInKeywords$click.call(Unknown Source)
	at TCMHC08 - User bisa membuka list Help Supervisor dan Reviewer pada halaman Help dan membuka beberapa list collapse help Supervisor dan Reviewer.run(TCMHC08 - User bisa membuka list Help Supervisor dan Reviewer pada halaman Help dan membuka beberapa list collapse help Supervisor dan Reviewer:22)
	at com.kms.katalon.core.main.ScriptEngine.run(ScriptEngine.java:194)
	at com.kms.katalon.core.main.ScriptEngine.runScriptAsRawText(ScriptEngine.java:119)
	at com.kms.katalon.core.main.TestCaseExecutor.runScript(TestCaseExecutor.java:448)
	at com.kms.katalon.core.main.TestCaseExecutor.doExecute(TestCaseExecutor.java:439)
	at com.kms.katalon.core.main.TestCaseExecutor.processExecutionPhase(TestCaseExecutor.java:418)
	at com.kms.katalon.core.main.TestCaseExecutor.accessMainPhase(TestCaseExecutor.java:410)
	at com.kms.katalon.core.main.TestCaseExecutor.execute(TestCaseExecutor.java:285)
	at com.kms.katalon.core.common.CommonExecutor.accessTestCaseMainPhase(CommonExecutor.java:65)
	at com.kms.katalon.core.main.TestSuiteExecutor.accessTestSuiteMainPhase(TestSuiteExecutor.java:148)
	at com.kms.katalon.core.main.TestSuiteExecutor.execute(TestSuiteExecutor.java:106)
	at com.kms.katalon.core.main.TestCaseMain.startTestSuite(TestCaseMain.java:187)
	at com.kms.katalon.core.main.TestCaseMain$startTestSuite$0.call(Unknown Source)
	at TempTestSuite1708918901494.run(TempTestSuite1708918901494.groovy:36)
Caused by: com.kms.katalon.core.webui.exception.WebElementNotFoundException: Web element with id: 'Object Repository/Object Help/list_supervisor_reviewer_help' located by '//*[@id = 'list-supervisor-reviewer-help']' not found
	at com.kms.katalon.core.webui.common.WebUiCommonHelper.findWebElement(WebUiCommonHelper.java:1381)
	at com.kms.katalon.core.webui.keyword.internal.WebUIAbstractKeyword.findWebElement(WebUIAbstractKeyword.groovy:27)
	at com.kms.katalon.core.webui.keyword.builtin.ClickKeyword$_click_closure1.doCall(ClickKeyword.groovy:65)
	at com.kms.katalon.core.webui.keyword.builtin.ClickKeyword$_click_closure1.call(ClickKeyword.groovy)
	at com.kms.katalon.core.webui.keyword.internal.WebUIKeywordMain.runKeyword(WebUIKeywordMain.groovy:20)
	... 19 more]]></system-err>
   </testsuite>
</testsuites>
